<?xml version="1.0" encoding="UTF-8"?>
<!-- Generated by org.testng.reporters.JUnitXMLReporter -->
<testsuite hostname="ZIVLPT243" ignored="0" name="Default test" tests="4" failures="0" timestamp="22 Mar 2020 13:23:09 GMT" time="63.719" errors="0">
  <testcase name="printallOptions" time="4.484" classname="com.java.basics.HandlingBootStrapDropDown"/>
  <testcase name="clickSelected" time="6.731" classname="com.java.basics.HandlingBootStrapDropDown"/>
  <testcase name="clickSelectedOnCondiion" time="3.667" classname="com.java.basics.HandlingBootStrapDropDown"/>
  <testcase name="clickSelectedOnCondiion2" time="29.708" classname="com.java.basics.HandlingBootStrapDropDown"/>
</testsuite> <!-- Default test -->
