<?xml version="1.0" encoding="UTF-8"?>
<!-- Generated by org.testng.reporters.JUnitXMLReporter -->
<testsuite hostname="ZIVLPT243" ignored="0" name="AddToCartModule" tests="4" failures="0" timestamp="01 Mar 2020 11:06:09 GMT" time="0.034" errors="0">
  <testcase name="addMultipleItem" time="0.002" classname="testNGTutorial.AddToCartTC"/>
  <testcase name="addSingleItem" time="0.003" classname="testNGTutorial.AddToCartTC"/>
  <testcase name="appyCoupon" time="0.0" classname="testNGTutorial.AddToCartTC"/>
  <testcase name="removeCoupon" time="0.001" classname="testNGTutorial.AddToCartTC"/>
</testsuite> <!-- AddToCartModule -->
