<?xml version="1.0" encoding="UTF-8"?>
<!-- Generated by org.testng.reporters.JUnitXMLReporter -->
<testsuite hostname="ZIVLPT243" ignored="2" name="loginModule" tests="7" failures="0" timestamp="01 Mar 2020 11:06:09 GMT" time="0.115" errors="0">
  <testcase name="zivameLogin_validUserName_Password" time="0.018" classname="testNGTutorial.ZivameLoginTC"/>
  <testcase name="zivameLogin_InvalidUserName_Passowrd" time="0.002" classname="testNGTutorial.ZivameLoginTC"/>
  <testcase name="facebookLogin_BlankUserName_Passoword" time="0.003" classname="testNGTutorial.FaceBookLoginTC"/>
  <testcase name="facebookLogin_InvalidUserName_Passowrd" time="0.005" classname="testNGTutorial.FaceBookLoginTC"/>
  <testcase name="facebookLogin_validUserName_Password" time="0.005" classname="testNGTutorial.FaceBookLoginTC"/>
  <testcase name="googleLogin_validUserName_Password" time="0.002" classname="testNGTutorial.GoogleLoginTC"/>
  <testcase name="zivameLogin_BlankUserName_Passoword" time="0.001" classname="testNGTutorial.ZivameLoginTC"/>
  <testcase name="googleLogin_InvalidUserName_Passowrd" time="0.0" classname="testNGTutorial.GoogleLoginTC">
    <ignored/>
  </testcase> <!-- googleLogin_InvalidUserName_Passowrd -->
  <testcase name="googleLogin_BlankUserName_Passoword" time="0.0" classname="testNGTutorial.GoogleLoginTC">
    <ignored/>
  </testcase> <!-- googleLogin_BlankUserName_Passoword -->
</testsuite> <!-- loginModule -->
