<?xml version="1.0" encoding="UTF-8"?>
<!-- Generated by org.testng.reporters.JUnitXMLReporter -->
<testsuite hostname="ZIVLPT243" ignored="3" name="PaymentModule" tests="3" failures="0" timestamp="01 Mar 2020 11:06:09 GMT" time="0.013" errors="0">
  <testcase name="PaymenByWallet_FreeCharge" time="0.001" classname="testNGTutorial.PaymentTC"/>
  <testcase name="PaymenByWallet_PhonePe" time="0.003" classname="testNGTutorial.PaymentTC"/>
  <testcase name="PaymenByWallet_GooglePay" time="0.001" classname="testNGTutorial.PaymentTC"/>
  <testcase name="PaymenByCOD" time="0.0" classname="testNGTutorial.PaymentTC">
    <ignored/>
  </testcase> <!-- PaymenByCOD -->
  <testcase name="PaymenByCreditcard" time="0.0" classname="testNGTutorial.PaymentTC">
    <ignored/>
  </testcase> <!-- PaymenByCreditcard -->
  <testcase name="PaymenByUPI" time="0.0" classname="testNGTutorial.PaymentTC">
    <ignored/>
  </testcase> <!-- PaymenByUPI -->
</testsuite> <!-- PaymentModule -->
