<?xml version="1.0" encoding="UTF-8"?>
<!-- Generated by org.testng.reporters.JUnitXMLReporter -->
<testsuite hostname="ZIVLPT243" ignored="0" name="RegistrationModule" tests="6" failures="0" timestamp="01 Mar 2020 11:06:09 GMT" time="0.035" errors="0">
  <testcase name="zivameRegistration_Invaliddata" time="0.002" classname="testNGTutorial.ZivameRegistrationTC"/>
  <testcase name="zivameRegistration_validData" time="0.001" classname="testNGTutorial.ZivameRegistrationTC"/>
  <testcase name="facebookRegistration_Invaliddata" time="0.001" classname="testNGTutorial.FaceBookRegistrationTC"/>
  <testcase name="facebookRegistration_validData" time="0.001" classname="testNGTutorial.FaceBookRegistrationTC"/>
  <testcase name="GoogleRegistration_Invaliddata" time="0.004" classname="testNGTutorial.GoogleRegistrationTC"/>
  <testcase name="GoogleRegistration_validData" time="0.002" classname="testNGTutorial.GoogleRegistrationTC"/>
</testsuite> <!-- RegistrationModule -->
