<?xml version="1.0" encoding="UTF-8"?>
<!-- Generated by org.testng.reporters.JUnitXMLReporter -->
<testsuite hostname="ZIVLPT243" ignored="3" name="testFirefox" tests="1" failures="0" timestamp="09 May 2020 13:03:49 GMT" time="31.055" errors="0">
  <testcase name="clickSelectedOnCondiion2" time="18.374" classname="com.java.basics.HandlingBootStrapDropDown"/>
  <testcase name="clickSelectedOnCondiion" time="0.0" classname="com.java.basics.HandlingBootStrapDropDown">
    <ignored/>
  </testcase> <!-- clickSelectedOnCondiion -->
  <testcase name="printallOptions" time="0.0" classname="com.java.basics.HandlingBootStrapDropDown">
    <ignored/>
  </testcase> <!-- printallOptions -->
  <testcase name="clickSelected" time="0.0" classname="com.java.basics.HandlingBootStrapDropDown">
    <ignored/>
  </testcase> <!-- clickSelected -->
</testsuite> <!-- testFirefox -->
