<?xml version="1.0" encoding="UTF-8"?>
<!-- Generated by org.testng.reporters.JUnitXMLReporter -->
<testsuite hostname="ZIVLPT243" ignored="2" name="TestChrome" tests="2" failures="0" timestamp="09 May 2020 13:03:45 GMT" time="27.309" errors="0">
  <testcase name="printallOptions" time="9.891" classname="com.java.basics.HandlingBootStrapDropDown"/>
  <testcase name="clickSelected" time="7.937" classname="com.java.basics.HandlingBootStrapDropDown"/>
  <testcase name="clickSelectedOnCondiion" time="0.0" classname="com.java.basics.HandlingBootStrapDropDown">
    <ignored/>
  </testcase> <!-- clickSelectedOnCondiion -->
  <testcase name="clickSelectedOnCondiion2" time="0.0" classname="com.java.basics.HandlingBootStrapDropDown">
    <ignored/>
  </testcase> <!-- clickSelectedOnCondiion2 -->
</testsuite> <!-- TestChrome -->
