<?xml version="1.0" encoding="UTF-8"?>
<!-- Generated by org.testng.reporters.JUnitXMLReporter -->
<testsuite hostname="ZIVLPT243" ignored="2" name="WishListModule" tests="2" failures="0" timestamp="01 Mar 2020 11:06:09 GMT" time="0.02" errors="0">
  <testcase name="addMultipleItemToWishList" time="0.002" classname="testNGTutorial.WishListTC"/>
  <testcase name="addSingleItemToWishList" time="0.005" classname="testNGTutorial.WishListTC"/>
  <testcase name="moveItems" time="0.0" classname="testNGTutorial.WishListTC">
    <ignored/>
  </testcase> <!-- moveItems -->
  <testcase name="deleteItems" time="0.0" classname="testNGTutorial.WishListTC">
    <ignored/>
  </testcase> <!-- deleteItems -->
</testsuite> <!-- WishListModule -->
